<?xml version="1.0" encoding="UTF-8"?>
<testng-results ignored="0" total="1" passed="1" failed="0" skipped="0">
  <reporter-output>
  </reporter-output>
  <suite started-at="2024-02-14T11:19:54 IST" name="Default suite" finished-at="2024-02-14T11:20:15 IST" duration-ms="21502">
    <groups>
    </groups>
    <test started-at="2024-02-14T11:19:54 IST" name="Default test" finished-at="2024-02-14T11:20:15 IST" duration-ms="21502">
      <class name="homepkg.AddToBag">
        <test-method is-config="true" signature="open()[pri:0, instance:homepkg.AddToBag@564fabc8]" started-at="2024-02-14T11:19:54 IST" name="open" finished-at="2024-02-14T11:20:00 IST" duration-ms="6385" status="PASS">
          <reporter-output>
          </reporter-output>
        </test-method> <!-- open -->
        <test-method signature="test()[pri:0, instance:homepkg.AddToBag@564fabc8]" started-at="2024-02-14T11:20:00 IST" name="test" finished-at="2024-02-14T11:20:15 IST" duration-ms="14886" status="PASS">
          <reporter-output>
          </reporter-output>
        </test-method> <!-- test -->
      </class> <!-- homepkg.AddToBag -->
    </test> <!-- Default test -->
  </suite> <!-- Default suite -->
</testng-results>
